<?xml version="1.0" ?>
<coverage version="7.13.5" timestamp="1777370153918" lines-valid="271" lines-covered="224" line-rate="0.8266" branches-covered="0" branches-valid="0" branch-rate="0" complexity="0">
	<!-- Generated by coverage.py: https://coverage.readthedocs.io/en/7.13.5 -->
	<!-- Based on https://raw.githubusercontent.com/cobertura/web/master/htdocs/xml/coverage-04.dtd -->
	<sources>
		<source>/balloon-simulation/src</source>
	</sources>
	<packages>
		<package name="." line-rate="1" branch-rate="0" complexity="0">
			<classes>
				<class name="initial_condition.py" filename="initial_condition.py" complexity="0" line-rate="1" branch-rate="0">
					<methods/>
					<lines>
						<line number="1" hits="1"/>
						<line number="2" hits="1"/>
						<line number="5" hits="1"/>
						<line number="6" hits="1"/>
						<line number="15" hits="1"/>
						<line number="16" hits="1"/>
						<line number="17" hits="1"/>
						<line number="18" hits="1"/>
						<line number="19" hits="1"/>
						<line number="20" hits="1"/>
					</lines>
				</class>
				<class name="phys_const.py" filename="phys_const.py" complexity="0" line-rate="1" branch-rate="0">
					<methods/>
					<lines>
						<line number="4" hits="1"/>
						<line number="7" hits="1"/>
						<line number="8" hits="1"/>
						<line number="9" hits="1"/>
					</lines>
				</class>
				<class name="simulation_config.py" filename="simulation_config.py" complexity="0" line-rate="1" branch-rate="0">
					<methods/>
					<lines>
						<line number="1" hits="1"/>
						<line number="2" hits="1"/>
						<line number="5" hits="1"/>
						<line number="6" hits="1"/>
					</lines>
				</class>
			</classes>
		</package>
		<package name="control" line-rate="1" branch-rate="0" complexity="0">
			<classes>
				<class name="vent_schedule.py" filename="control/vent_schedule.py" complexity="0" line-rate="1" branch-rate="0">
					<methods/>
					<lines>
						<line number="1" hits="1"/>
						<line number="2" hits="1"/>
						<line number="5" hits="1"/>
						<line number="6" hits="1"/>
						<line number="10" hits="1"/>
						<line number="11" hits="1"/>
					</lines>
				</class>
			</classes>
		</package>
		<package name="dynamics" line-rate="0.88" branch-rate="0" complexity="0">
			<classes>
				<class name="propagator.py" filename="dynamics/propagator.py" complexity="0" line-rate="0.88" branch-rate="0">
					<methods/>
					<lines>
						<line number="1" hits="1"/>
						<line number="3" hits="1"/>
						<line number="4" hits="1"/>
						<line number="5" hits="1"/>
						<line number="6" hits="1"/>
						<line number="7" hits="1"/>
						<line number="8" hits="1"/>
						<line number="9" hits="1"/>
						<line number="10" hits="1"/>
						<line number="11" hits="1"/>
						<line number="12" hits="1"/>
						<line number="13" hits="1"/>
						<line number="14" hits="1"/>
						<line number="15" hits="1"/>
						<line number="19" hits="1"/>
						<line number="20" hits="1"/>
						<line number="21" hits="1"/>
						<line number="22" hits="1"/>
						<line number="26" hits="1"/>
						<line number="27" hits="1"/>
						<line number="28" hits="1"/>
						<line number="31" hits="1"/>
						<line number="56" hits="1"/>
						<line number="57" hits="1"/>
						<line number="58" hits="1"/>
						<line number="59" hits="1"/>
						<line number="60" hits="1"/>
						<line number="66" hits="1"/>
						<line number="78" hits="1"/>
						<line number="79" hits="1"/>
						<line number="80" hits="1"/>
						<line number="83" hits="1"/>
						<line number="84" hits="1"/>
						<line number="88" hits="1"/>
						<line number="97" hits="1"/>
						<line number="111" hits="1"/>
						<line number="112" hits="1"/>
						<line number="115" hits="1"/>
						<line number="116" hits="0"/>
						<line number="117" hits="0"/>
						<line number="119" hits="0"/>
						<line number="127" hits="0"/>
						<line number="130" hits="1"/>
						<line number="131" hits="1"/>
						<line number="134" hits="1"/>
						<line number="144" hits="1"/>
						<line number="145" hits="1"/>
						<line number="148" hits="1"/>
						<line number="149" hits="0"/>
						<line number="151" hits="1"/>
						<line number="154" hits="1"/>
						<line number="199" hits="1"/>
						<line number="202" hits="1"/>
						<line number="205" hits="1"/>
						<line number="208" hits="1"/>
						<line number="211" hits="1"/>
						<line number="214" hits="1"/>
						<line number="221" hits="1"/>
						<line number="230" hits="1"/>
						<line number="236" hits="1"/>
						<line number="237" hits="1"/>
						<line number="238" hits="1"/>
						<line number="240" hits="0"/>
						<line number="248" hits="0"/>
						<line number="251" hits="0"/>
						<line number="263" hits="1"/>
						<line number="271" hits="1"/>
						<line number="281" hits="1"/>
						<line number="288" hits="1"/>
						<line number="289" hits="0"/>
						<line number="290" hits="1"/>
						<line number="293" hits="1"/>
						<line number="297" hits="1"/>
						<line number="312" hits="1"/>
						<line number="350" hits="1"/>
					</lines>
				</class>
			</classes>
		</package>
		<package name="environment.atmosphere" line-rate="1" branch-rate="0" complexity="0">
			<classes>
				<class name="isothermal_model.py" filename="environment/atmosphere/isothermal_model.py" complexity="0" line-rate="1" branch-rate="0">
					<methods/>
					<lines>
						<line number="1" hits="1"/>
						<line number="2" hits="1"/>
						<line number="6" hits="1"/>
						<line number="7" hits="1"/>
						<line number="8" hits="1"/>
						<line number="11" hits="1"/>
						<line number="18" hits="1"/>
						<line number="36" hits="1"/>
						<line number="38" hits="1"/>
						<line number="41" hits="1"/>
						<line number="59" hits="1"/>
					</lines>
				</class>
				<class name="layered_temperature_model.py" filename="environment/atmosphere/layered_temperature_model.py" complexity="0" line-rate="1" branch-rate="0">
					<methods/>
					<lines>
						<line number="1" hits="1"/>
						<line number="17" hits="1"/>
						<line number="20" hits="1"/>
						<line number="21" hits="1"/>
						<line number="24" hits="1"/>
						<line number="26" hits="1"/>
						<line number="29" hits="1"/>
						<line number="31" hits="1"/>
						<line number="34" hits="1"/>
						<line number="39" hits="1"/>
						<line number="41" hits="1"/>
					</lines>
				</class>
			</classes>
		</package>
		<package name="models" line-rate="0.8732" branch-rate="0" complexity="0">
			<classes>
				<class name="balloon_model.py" filename="models/balloon_model.py" complexity="0" line-rate="1" branch-rate="0">
					<methods/>
					<lines>
						<line number="1" hits="1"/>
						<line number="4" hits="1"/>
						<line number="5" hits="1"/>
						<line number="16" hits="1"/>
						<line number="17" hits="1"/>
						<line number="18" hits="1"/>
						<line number="19" hits="1"/>
						<line number="20" hits="1"/>
						<line number="21" hits="1"/>
						<line number="22" hits="1"/>
						<line number="23" hits="1"/>
					</lines>
				</class>
				<class name="balloon_state.py" filename="models/balloon_state.py" complexity="0" line-rate="1" branch-rate="0">
					<methods/>
					<lines>
						<line number="1" hits="1"/>
						<line number="2" hits="1"/>
						<line number="4" hits="1"/>
						<line number="5" hits="1"/>
						<line number="8" hits="1"/>
						<line number="9" hits="1"/>
						<line number="32" hits="1"/>
						<line number="35" hits="1"/>
						<line number="36" hits="1"/>
						<line number="39" hits="1"/>
						<line number="40" hits="1"/>
						<line number="43" hits="1"/>
						<line number="44" hits="1"/>
						<line number="47" hits="1"/>
						<line number="49" hits="1"/>
						<line number="50" hits="1"/>
						<line number="64" hits="1"/>
						<line number="72" hits="1"/>
					</lines>
				</class>
				<class name="balloon_state_history.py" filename="models/balloon_state_history.py" complexity="0" line-rate="0.7632" branch-rate="0">
					<methods/>
					<lines>
						<line number="1" hits="1"/>
						<line number="2" hits="1"/>
						<line number="3" hits="1"/>
						<line number="6" hits="1"/>
						<line number="7" hits="1"/>
						<line number="8" hits="1"/>
						<line number="10" hits="1"/>
						<line number="11" hits="1"/>
						<line number="13" hits="1"/>
						<line number="14" hits="0"/>
						<line number="16" hits="1"/>
						<line number="17" hits="0"/>
						<line number="19" hits="1"/>
						<line number="20" hits="1"/>
						<line number="22" hits="1"/>
						<line number="23" hits="1"/>
						<line number="24" hits="0"/>
						<line number="26" hits="1"/>
						<line number="27" hits="1"/>
						<line number="28" hits="1"/>
						<line number="30" hits="1"/>
						<line number="31" hits="1"/>
						<line number="32" hits="0"/>
						<line number="34" hits="1"/>
						<line number="35" hits="1"/>
						<line number="36" hits="0"/>
						<line number="38" hits="1"/>
						<line number="39" hits="1"/>
						<line number="40" hits="0"/>
						<line number="45" hits="1"/>
						<line number="46" hits="1"/>
						<line number="47" hits="0"/>
						<line number="49" hits="1"/>
						<line number="50" hits="1"/>
						<line number="51" hits="0"/>
						<line number="53" hits="1"/>
						<line number="54" hits="1"/>
						<line number="55" hits="0"/>
					</lines>
				</class>
				<class name="gas.py" filename="models/gas.py" complexity="0" line-rate="1" branch-rate="0">
					<methods/>
					<lines>
						<line number="1" hits="1"/>
						<line number="4" hits="1"/>
						<line number="9" hits="1"/>
						<line number="10" hits="1"/>
					</lines>
				</class>
			</classes>
		</package>
		<package name="numerics" line-rate="0.8" branch-rate="0" complexity="0">
			<classes>
				<class name="runge_kutta.py" filename="numerics/runge_kutta.py" complexity="0" line-rate="0.8" branch-rate="0">
					<methods/>
					<lines>
						<line number="1" hits="1"/>
						<line number="4" hits="1"/>
						<line number="33" hits="1"/>
						<line number="34" hits="1"/>
						<line number="35" hits="1"/>
						<line number="36" hits="1"/>
						<line number="37" hits="1"/>
						<line number="40" hits="1"/>
						<line number="46" hits="0"/>
						<line number="48" hits="0"/>
					</lines>
				</class>
			</classes>
		</package>
		<package name="physics" line-rate="0.6087" branch-rate="0" complexity="0">
			<classes>
				<class name="balloon_mechanics.py" filename="physics/balloon_mechanics.py" complexity="0" line-rate="0.5882" branch-rate="0">
					<methods/>
					<lines>
						<line number="1" hits="1"/>
						<line number="2" hits="1"/>
						<line number="3" hits="1"/>
						<line number="4" hits="1"/>
						<line number="5" hits="1"/>
						<line number="6" hits="1"/>
						<line number="9" hits="1"/>
						<line number="26" hits="0"/>
						<line number="29" hits="0"/>
						<line number="34" hits="0"/>
						<line number="37" hits="0"/>
						<line number="40" hits="0"/>
						<line number="41" hits="0"/>
						<line number="44" hits="1"/>
						<line number="77" hits="1"/>
						<line number="78" hits="1"/>
						<line number="79" hits="0"/>
						<line number="80" hits="0"/>
						<line number="82" hits="0"/>
						<line number="85" hits="1"/>
						<line number="88" hits="1"/>
						<line number="91" hits="1"/>
						<line number="107" hits="1"/>
						<line number="108" hits="0"/>
						<line number="112" hits="1"/>
						<line number="116" hits="1"/>
						<line number="119" hits="1"/>
						<line number="148" hits="0"/>
						<line number="149" hits="0"/>
						<line number="152" hits="0"/>
						<line number="153" hits="0"/>
						<line number="156" hits="0"/>
						<line number="157" hits="0"/>
						<line number="158" hits="0"/>
						<line number="159" hits="0"/>
						<line number="161" hits="0"/>
						<line number="165" hits="0"/>
						<line number="166" hits="0"/>
						<line number="169" hits="1"/>
						<line number="188" hits="1"/>
						<line number="189" hits="1"/>
						<line number="192" hits="1"/>
						<line number="222" hits="1"/>
						<line number="223" hits="1"/>
						<line number="225" hits="1"/>
						<line number="228" hits="1"/>
						<line number="231" hits="1"/>
						<line number="241" hits="1"/>
						<line number="242" hits="1"/>
						<line number="245" hits="1"/>
						<line number="247" hits="1"/>
					</lines>
				</class>
				<class name="fluid_mechanics.py" filename="physics/fluid_mechanics.py" complexity="0" line-rate="0.6667" branch-rate="0">
					<methods/>
					<lines>
						<line number="1" hits="1"/>
						<line number="2" hits="1"/>
						<line number="5" hits="1"/>
						<line number="25" hits="1"/>
						<line number="28" hits="1"/>
						<line number="56" hits="1"/>
						<line number="58" hits="1"/>
						<line number="63" hits="1"/>
						<line number="73" hits="1"/>
						<line number="76" hits="1"/>
						<line number="77" hits="0"/>
						<line number="80" hits="1"/>
						<line number="83" hits="1"/>
						<line number="111" hits="0"/>
						<line number="112" hits="0"/>
						<line number="116" hits="0"/>
						<line number="121" hits="0"/>
						<line number="122" hits="0"/>
					</lines>
				</class>
			</classes>
		</package>
	</packages>
</coverage>
